<?xml version="1.0" encoding="UTF-8"?>
<testng-results skipped="0" failed="0" ignored="0" total="2" passed="2">
  <reporter-output>
  </reporter-output>
  <suite name="Default suite" duration-ms="153097" started-at="2020-02-10T10:46:35 IST" finished-at="2020-02-10T10:49:08 IST">
    <groups>
    </groups>
    <test name="Default test" duration-ms="153097" started-at="2020-02-10T10:46:35 IST" finished-at="2020-02-10T10:49:08 IST">
      <class name="tests.searchHomePageTest">
        <test-method status="PASS" signature="launchingApplication()[pri:0, instance:tests.searchHomePageTest@167fdd33]" name="launchingApplication" duration-ms="73760" started-at="2020-02-10T10:46:35 IST" finished-at="2020-02-10T10:47:49 IST">
          <reporter-output>
          </reporter-output>
        </test-method> <!-- launchingApplication -->
        <test-method status="PASS" signature="searchPage()[pri:1, instance:tests.searchHomePageTest@167fdd33]" name="searchPage" duration-ms="79173" started-at="2020-02-10T10:47:49 IST" finished-at="2020-02-10T10:49:08 IST">
          <reporter-output>
          </reporter-output>
        </test-method> <!-- searchPage -->
      </class> <!-- tests.searchHomePageTest -->
    </test> <!-- Default test -->
  </suite> <!-- Default suite -->
</testng-results>
